This is pdfTeX, Version 3.1415926-2.5-1.40.14 (TeX Live 2013/Debian) (format=pdflatex 2016.4.5)  4 MAY 2016 16:18
entering extended mode
 restricted \write18 enabled.
 %&-line parsing enabled.
**set3.tex
(./set3.tex
LaTeX2e <2011/06/27>
Babel <3.9h> and hyphenation patterns for 78 languages loaded.
(/usr/share/texlive/texmf-dist/tex/latex/base/article.cls
Document Class: article 2007/10/19 v1.4h Standard LaTeX document class
(/usr/share/texlive/texmf-dist/tex/latex/base/size10.clo
File: size10.clo 2007/10/19 v1.4h Standard LaTeX file (size option)
)
\c@part=\count79
\c@section=\count80
\c@subsection=\count81
\c@subsubsection=\count82
\c@paragraph=\count83
\c@subparagraph=\count84
\c@figure=\count85
\c@table=\count86
\abovecaptionskip=\skip41
\belowcaptionskip=\skip42
\bibindent=\dimen102
) (../../preamble.tex
(/usr/share/texlive/texmf-dist/tex/latex/amsmath/amsmath.sty
Package: amsmath 2013/01/14 v2.14 AMS math features
\@mathmargin=\skip43

For additional information on amsmath, use the `?' option.
(/usr/share/texlive/texmf-dist/tex/latex/amsmath/amstext.sty
Package: amstext 2000/06/29 v2.01

(/usr/share/texlive/texmf-dist/tex/latex/amsmath/amsgen.sty
File: amsgen.sty 1999/11/30 v2.0
\@emptytoks=\toks14
\ex@=\dimen103
))
(/usr/share/texlive/texmf-dist/tex/latex/amsmath/amsbsy.sty
Package: amsbsy 1999/11/29 v1.2d
\pmbraise@=\dimen104
)
(/usr/share/texlive/texmf-dist/tex/latex/amsmath/amsopn.sty
Package: amsopn 1999/12/14 v2.01 operator names
)
\inf@bad=\count87
LaTeX Info: Redefining \frac on input line 210.
\uproot@=\count88
\leftroot@=\count89
LaTeX Info: Redefining \overline on input line 306.
\classnum@=\count90
\DOTSCASE@=\count91
LaTeX Info: Redefining \ldots on input line 378.
LaTeX Info: Redefining \dots on input line 381.
LaTeX Info: Redefining \cdots on input line 466.
\Mathstrutbox@=\box26
\strutbox@=\box27
\big@size=\dimen105
LaTeX Font Info:    Redeclaring font encoding OML on input line 566.
LaTeX Font Info:    Redeclaring font encoding OMS on input line 567.
\macc@depth=\count92
\c@MaxMatrixCols=\count93
\dotsspace@=\muskip10
\c@parentequation=\count94
\dspbrk@lvl=\count95
\tag@help=\toks15
\row@=\count96
\column@=\count97
\maxfields@=\count98
\andhelp@=\toks16
\eqnshift@=\dimen106
\alignsep@=\dimen107
\tagshift@=\dimen108
\tagwidth@=\dimen109
\totwidth@=\dimen110
\lineht@=\dimen111
\@envbody=\toks17
\multlinegap=\skip44
\multlinetaggap=\skip45
\mathdisplay@stack=\toks18
LaTeX Info: Redefining \[ on input line 2665.
LaTeX Info: Redefining \] on input line 2666.
)
(/usr/share/texlive/texmf-dist/tex/latex/amsfonts/amssymb.sty
Package: amssymb 2013/01/14 v3.01 AMS font symbols

(/usr/share/texlive/texmf-dist/tex/latex/amsfonts/amsfonts.sty
Package: amsfonts 2013/01/14 v3.01 Basic AMSFonts support
\symAMSa=\mathgroup4
\symAMSb=\mathgroup5
LaTeX Font Info:    Overwriting math alphabet `\mathfrak' in version `bold'
(Font)                  U/euf/m/n --> U/euf/b/n on input line 106.
))
(/usr/share/texlive/texmf-dist/tex/latex/amscls/amsthm.sty
Package: amsthm 2004/08/06 v2.20
\thm@style=\toks19
\thm@bodyfont=\toks20
\thm@headfont=\toks21
\thm@notefont=\toks22
\thm@headpunct=\toks23
\thm@preskip=\skip46
\thm@postskip=\skip47
\thm@headsep=\skip48
\dth@everypar=\toks24
)
(/usr/share/texlive/texmf-dist/tex/latex/preprint/fullpage.sty
Package: fullpage 1999/02/23 1.1 (PWD)
\FP@margin=\skip49
)
(/usr/share/texlive/texmf-dist/tex/latex/graphics/graphicx.sty
Package: graphicx 1999/02/16 v1.0f Enhanced LaTeX Graphics (DPC,SPQR)

(/usr/share/texlive/texmf-dist/tex/latex/graphics/keyval.sty
Package: keyval 1999/03/16 v1.13 key=value parser (DPC)
\KV@toks@=\toks25
)
(/usr/share/texlive/texmf-dist/tex/latex/graphics/graphics.sty
Package: graphics 2009/02/05 v1.0o Standard LaTeX Graphics (DPC,SPQR)

(/usr/share/texlive/texmf-dist/tex/latex/graphics/trig.sty
Package: trig 1999/03/16 v1.09 sin cos tan (DPC)
)
(/usr/share/texlive/texmf-dist/tex/latex/latexconfig/graphics.cfg
File: graphics.cfg 2010/04/23 v1.9 graphics configuration of TeX Live
)
Package graphics Info: Driver file: pdftex.def on input line 91.

(/usr/share/texlive/texmf-dist/tex/latex/pdftex-def/pdftex.def
File: pdftex.def 2011/05/27 v0.06d Graphics/color for pdfTeX

(/usr/share/texlive/texmf-dist/tex/generic/oberdiek/infwarerr.sty
Package: infwarerr 2010/04/08 v1.3 Providing info/warning/error messages (HO)
)
(/usr/share/texlive/texmf-dist/tex/generic/oberdiek/ltxcmds.sty
Package: ltxcmds 2011/11/09 v1.22 LaTeX kernel commands for general use (HO)
)
\Gread@gobject=\count99
))
\Gin@req@height=\dimen112
\Gin@req@width=\dimen113
)
(/usr/share/texlive/texmf-dist/tex/latex/pgfplots/pgfplots.sty
(/usr/share/texlive/texmf-dist/tex/generic/pgfplots/pgfplots.revision.tex)
Package: pgfplots 2013/10/03 v1.9 Data Visualization (1.9)

(/usr/share/texmf/tex/latex/pgf/frontendlayer/tikz.sty
(/usr/share/texmf/tex/latex/pgf/basiclayer/pgf.sty
(/usr/share/texmf/tex/latex/pgf/utilities/pgfrcs.sty
(/usr/share/texmf/tex/generic/pgf/utilities/pgfutil-common.tex
\pgfutil@everybye=\toks26
)
(/usr/share/texmf/tex/generic/pgf/utilities/pgfutil-latex.def
\pgfutil@abb=\box28

(/usr/share/texlive/texmf-dist/tex/latex/ms/everyshi.sty
Package: everyshi 2001/05/15 v3.00 EveryShipout Package (MS)
))
(/usr/share/texmf/tex/generic/pgf/utilities/pgfrcs.code.tex
Package: pgfrcs 2010/10/25 v2.10 (rcs-revision 1.24)
))
Package: pgf 2008/01/15 v2.10 (rcs-revision 1.12)

(/usr/share/texmf/tex/latex/pgf/basiclayer/pgfcore.sty
(/usr/share/texmf/tex/latex/pgf/systemlayer/pgfsys.sty
(/usr/share/texmf/tex/generic/pgf/systemlayer/pgfsys.code.tex
Package: pgfsys 2010/06/30 v2.10 (rcs-revision 1.37)

(/usr/share/texmf/tex/generic/pgf/utilities/pgfkeys.code.tex
\pgfkeys@pathtoks=\toks27
\pgfkeys@temptoks=\toks28

(/usr/share/texmf/tex/generic/pgf/utilities/pgfkeysfiltered.code.tex
\pgfkeys@tmptoks=\toks29
))
\pgf@x=\dimen114
\pgf@y=\dimen115
\pgf@xa=\dimen116
\pgf@ya=\dimen117
\pgf@xb=\dimen118
\pgf@yb=\dimen119
\pgf@xc=\dimen120
\pgf@yc=\dimen121
\w@pgf@writea=\write3
\r@pgf@reada=\read1
\c@pgf@counta=\count100
\c@pgf@countb=\count101
\c@pgf@countc=\count102
\c@pgf@countd=\count103

(/usr/share/texmf/tex/generic/pgf/systemlayer/pgf.cfg
File: pgf.cfg 2008/05/14  (rcs-revision 1.7)
)
Package pgfsys Info: Driver file for pgf: pgfsys-pdftex.def on input line 900.

(/usr/share/texmf/tex/generic/pgf/systemlayer/pgfsys-pdftex.def
File: pgfsys-pdftex.def 2009/05/22  (rcs-revision 1.26)

(/usr/share/texmf/tex/generic/pgf/systemlayer/pgfsys-common-pdf.def
File: pgfsys-common-pdf.def 2008/05/19  (rcs-revision 1.10)
)))
(/usr/share/texmf/tex/generic/pgf/systemlayer/pgfsyssoftpath.code.tex
File: pgfsyssoftpath.code.tex 2008/07/18  (rcs-revision 1.7)
\pgfsyssoftpath@smallbuffer@items=\count104
\pgfsyssoftpath@bigbuffer@items=\count105
)
(/usr/share/texmf/tex/generic/pgf/systemlayer/pgfsysprotocol.code.tex
File: pgfsysprotocol.code.tex 2006/10/16  (rcs-revision 1.4)
))
(/usr/share/texmf/tex/latex/xcolor/xcolor.sty
Package: xcolor 2007/01/21 v2.11 LaTeX color extensions (UK)

(/usr/share/texlive/texmf-dist/tex/latex/latexconfig/color.cfg
File: color.cfg 2007/01/18 v1.5 color configuration of teTeX/TeXLive
)
Package xcolor Info: Driver file: pdftex.def on input line 225.
Package xcolor Info: Model `cmy' substituted by `cmy0' on input line 1337.
Package xcolor Info: Model `hsb' substituted by `rgb' on input line 1341.
Package xcolor Info: Model `RGB' extended on input line 1353.
Package xcolor Info: Model `HTML' substituted by `rgb' on input line 1355.
Package xcolor Info: Model `Hsb' substituted by `hsb' on input line 1356.
Package xcolor Info: Model `tHsb' substituted by `hsb' on input line 1357.
Package xcolor Info: Model `HSB' substituted by `hsb' on input line 1358.
Package xcolor Info: Model `Gray' substituted by `gray' on input line 1359.
Package xcolor Info: Model `wave' substituted by `hsb' on input line 1360.
)
(/usr/share/texmf/tex/generic/pgf/basiclayer/pgfcore.code.tex
Package: pgfcore 2010/04/11 v2.10 (rcs-revision 1.7)

(/usr/share/texmf/tex/generic/pgf/math/pgfmath.code.tex
(/usr/share/texmf/tex/generic/pgf/math/pgfmathcalc.code.tex
(/usr/share/texmf/tex/generic/pgf/math/pgfmathutil.code.tex)
(/usr/share/texmf/tex/generic/pgf/math/pgfmathparser.code.tex
\pgfmath@dimen=\dimen122
\pgfmath@count=\count106
\pgfmath@box=\box29
\pgfmath@toks=\toks30
\pgfmath@stack@operand=\toks31
\pgfmath@stack@operation=\toks32
)
(/usr/share/texmf/tex/generic/pgf/math/pgfmathfunctions.code.tex
(/usr/share/texmf/tex/generic/pgf/math/pgfmathfunctions.basic.code.tex)
(/usr/share/texmf/tex/generic/pgf/math/pgfmathfunctions.trigonometric.code.tex)
(/usr/share/texmf/tex/generic/pgf/math/pgfmathfunctions.random.code.tex)
(/usr/share/texmf/tex/generic/pgf/math/pgfmathfunctions.comparison.code.tex)
(/usr/share/texmf/tex/generic/pgf/math/pgfmathfunctions.base.code.tex)
(/usr/share/texmf/tex/generic/pgf/math/pgfmathfunctions.round.code.tex)
(/usr/share/texmf/tex/generic/pgf/math/pgfmathfunctions.misc.code.tex)))
(/usr/share/texmf/tex/generic/pgf/math/pgfmathfloat.code.tex
\c@pgfmathroundto@lastzeros=\count107
))
(/usr/share/texmf/tex/generic/pgf/basiclayer/pgfcorepoints.code.tex
File: pgfcorepoints.code.tex 2010/04/09  (rcs-revision 1.20)
\pgf@picminx=\dimen123
\pgf@picmaxx=\dimen124
\pgf@picminy=\dimen125
\pgf@picmaxy=\dimen126
\pgf@pathminx=\dimen127
\pgf@pathmaxx=\dimen128
\pgf@pathminy=\dimen129
\pgf@pathmaxy=\dimen130
\pgf@xx=\dimen131
\pgf@xy=\dimen132
\pgf@yx=\dimen133
\pgf@yy=\dimen134
\pgf@zx=\dimen135
\pgf@zy=\dimen136
)
(/usr/share/texmf/tex/generic/pgf/basiclayer/pgfcorepathconstruct.code.tex
File: pgfcorepathconstruct.code.tex 2010/08/03  (rcs-revision 1.24)
\pgf@path@lastx=\dimen137
\pgf@path@lasty=\dimen138
)
(/usr/share/texmf/tex/generic/pgf/basiclayer/pgfcorepathusage.code.tex
File: pgfcorepathusage.code.tex 2008/04/22  (rcs-revision 1.12)
\pgf@shorten@end@additional=\dimen139
\pgf@shorten@start@additional=\dimen140
)
(/usr/share/texmf/tex/generic/pgf/basiclayer/pgfcorescopes.code.tex
File: pgfcorescopes.code.tex 2010/09/08  (rcs-revision 1.34)
\pgfpic=\box30
\pgf@hbox=\box31
\pgf@layerbox@main=\box32
\pgf@picture@serial@count=\count108
)
(/usr/share/texmf/tex/generic/pgf/basiclayer/pgfcoregraphicstate.code.tex
File: pgfcoregraphicstate.code.tex 2008/04/22  (rcs-revision 1.9)
\pgflinewidth=\dimen141
)
(/usr/share/texmf/tex/generic/pgf/basiclayer/pgfcoretransformations.code.tex
File: pgfcoretransformations.code.tex 2009/06/10  (rcs-revision 1.11)
\pgf@pt@x=\dimen142
\pgf@pt@y=\dimen143
\pgf@pt@temp=\dimen144
)
(/usr/share/texmf/tex/generic/pgf/basiclayer/pgfcorequick.code.tex
File: pgfcorequick.code.tex 2008/10/09  (rcs-revision 1.3)
)
(/usr/share/texmf/tex/generic/pgf/basiclayer/pgfcoreobjects.code.tex
File: pgfcoreobjects.code.tex 2006/10/11  (rcs-revision 1.2)
)
(/usr/share/texmf/tex/generic/pgf/basiclayer/pgfcorepathprocessing.code.tex
File: pgfcorepathprocessing.code.tex 2008/10/09  (rcs-revision 1.8)
)
(/usr/share/texmf/tex/generic/pgf/basiclayer/pgfcorearrows.code.tex
File: pgfcorearrows.code.tex 2008/04/23  (rcs-revision 1.11)
)
(/usr/share/texmf/tex/generic/pgf/basiclayer/pgfcoreshade.code.tex
File: pgfcoreshade.code.tex 2008/11/23  (rcs-revision 1.13)
\pgf@max=\dimen145
\pgf@sys@shading@range@num=\count109
)
(/usr/share/texmf/tex/generic/pgf/basiclayer/pgfcoreimage.code.tex
File: pgfcoreimage.code.tex 2010/03/25  (rcs-revision 1.16)

(/usr/share/texmf/tex/generic/pgf/basiclayer/pgfcoreexternal.code.tex
File: pgfcoreexternal.code.tex 2010/09/01  (rcs-revision 1.17)
\pgfexternal@startupbox=\box33
))
(/usr/share/texmf/tex/generic/pgf/basiclayer/pgfcorelayers.code.tex
File: pgfcorelayers.code.tex 2010/08/27  (rcs-revision 1.2)
)
(/usr/share/texmf/tex/generic/pgf/basiclayer/pgfcoretransparency.code.tex
File: pgfcoretransparency.code.tex 2008/01/17  (rcs-revision 1.2)
)
(/usr/share/texmf/tex/generic/pgf/basiclayer/pgfcorepatterns.code.tex
File: pgfcorepatterns.code.tex 2009/07/02  (rcs-revision 1.3)
)))
(/usr/share/texmf/tex/generic/pgf/modules/pgfmoduleshapes.code.tex
File: pgfmoduleshapes.code.tex 2010/09/09  (rcs-revision 1.13)
\pgfnodeparttextbox=\box34
)
(/usr/share/texmf/tex/generic/pgf/modules/pgfmoduleplot.code.tex
File: pgfmoduleplot.code.tex 2010/10/22  (rcs-revision 1.8)
)
(/usr/share/texmf/tex/latex/pgf/compatibility/pgfcomp-version-0-65.sty
Package: pgfcomp-version-0-65 2007/07/03 v2.10 (rcs-revision 1.7)
\pgf@nodesepstart=\dimen146
\pgf@nodesepend=\dimen147
)
(/usr/share/texmf/tex/latex/pgf/compatibility/pgfcomp-version-1-18.sty
Package: pgfcomp-version-1-18 2007/07/23 v2.10 (rcs-revision 1.1)
))
(/usr/share/texmf/tex/latex/pgf/utilities/pgffor.sty
(/usr/share/texmf/tex/latex/pgf/utilities/pgfkeys.sty
(/usr/share/texmf/tex/generic/pgf/utilities/pgfkeys.code.tex))
(/usr/share/texmf/tex/generic/pgf/utilities/pgffor.code.tex
Package: pgffor 2010/03/23 v2.10 (rcs-revision 1.18)
\pgffor@iter=\dimen148
\pgffor@skip=\dimen149
\pgffor@stack=\toks33
\pgffor@toks=\toks34
))
(/usr/share/texmf/tex/generic/pgf/frontendlayer/tikz/tikz.code.tex
Package: tikz 2010/10/13 v2.10 (rcs-revision 1.76)

(/usr/share/texmf/tex/generic/pgf/libraries/pgflibraryplothandlers.code.tex
File: pgflibraryplothandlers.code.tex 2010/05/31 v2.10 (rcs-revision 1.15)
\pgf@plot@mark@count=\count110
\pgfplotmarksize=\dimen150
)
\tikz@lastx=\dimen151
\tikz@lasty=\dimen152
\tikz@lastxsaved=\dimen153
\tikz@lastysaved=\dimen154
\tikzleveldistance=\dimen155
\tikzsiblingdistance=\dimen156
\tikz@figbox=\box35
\tikz@tempbox=\box36
\tikztreelevel=\count111
\tikznumberofchildren=\count112
\tikznumberofcurrentchild=\count113
\tikz@fig@count=\count114

(/usr/share/texmf/tex/generic/pgf/modules/pgfmodulematrix.code.tex
File: pgfmodulematrix.code.tex 2010/08/24  (rcs-revision 1.4)
\pgfmatrixcurrentrow=\count115
\pgfmatrixcurrentcolumn=\count116
\pgf@matrix@numberofcolumns=\count117
)
\tikz@expandcount=\count118

(/usr/share/texmf/tex/generic/pgf/frontendlayer/tikz/libraries/tikzlibrarytopat
hs.code.tex
File: tikzlibrarytopaths.code.tex 2008/06/17 v2.10 (rcs-revision 1.2)
)))
(/usr/share/texlive/texmf-dist/tex/generic/pgfplots/pgfplots.code.tex
(/usr/share/texlive/texmf-dist/tex/generic/pgfplots/pgfplotscore.code.tex
\t@pgfplots@toka=\toks35
\t@pgfplots@tokb=\toks36
\t@pgfplots@tokc=\toks37
\pgfplots@tmpa=\dimen157
\c@pgfplots@coordindex=\count119
\c@pgfplots@scanlineindex=\count120

(/usr/share/texlive/texmf-dist/tex/generic/pgfplots/sys/pgfplotssysgeneric.code
.tex))
(/usr/share/texlive/texmf-dist/tex/generic/pgfplots/libs/pgfplotslibrary.code.t
ex)
(/usr/share/texlive/texmf-dist/tex/generic/pgfplots/oldpgfcompatib/pgfplotsoldp
gfsupp_loader.code.tex
Package pgfplots: loading complementary code for your PGF version...

(/usr/share/texlive/texmf-dist/tex/generic/pgfplots/oldpgfcompatib/pgfplotsoldp
gfsupp_misc.code.tex)
(/usr/share/texlive/texmf-dist/tex/generic/pgfplots/oldpgfcompatib/pgfplotsoldp
gfsupp_pgfkeys.code.tex
\pgfkeys@pathtoks=\toks38
\pgfkeys@temptoks=\toks39

(/usr/share/texlive/texmf-dist/tex/generic/pgfplots/oldpgfcompatib/pgfplotsoldp
gfsupp_pgfkeysfiltered.code.tex
\pgfkeys@tmptoks=\toks40
))
(/usr/share/texlive/texmf-dist/tex/generic/pgfplots/oldpgfcompatib/pgfplotsoldp
gfsupp_pgfmathfloat.code.tex
\c@pgfmathroundto@lastzeros=\count121
)
(/usr/share/texlive/texmf-dist/tex/generic/pgfplots/oldpgfcompatib/pgfplotsoldp
gfsupp_pgflibraryplothandlers.code.tex
File: pgflibraryplothandlers.code.tex 2012/09/11 v2.10 (rcs-revision 1.17)
\pgf@plot@mark@count=\count122
\pgfplotmarksize=\dimen158
)
(/usr/share/texlive/texmf-dist/tex/generic/pgfplots/oldpgfcompatib/pgfplotsoldp
gfsupp_pgflibraryfpu.code.tex)
(/usr/share/texlive/texmf-dist/tex/generic/pgfplots/oldpgfcompatib/pgfplotsoldp
gfsupp_pgfcorescopes.code.tex
File: pgfcorescopes.code.tex 2012/11/30  (rcs-revision 1.38)
\pgfpic=\box37
\pgf@hbox=\box38
\pgf@layerbox@main=\box39
\pgf@picture@serial@count=\count123
)
(/usr/share/texlive/texmf-dist/tex/generic/pgfplots/oldpgfcompatib/pgfplotsoldp
gfsupp_pgfcorelayers.code.tex
File: pgfcorelayers.code.tex 2012/11/07  (rcs-revision 1.5)
))
(/usr/share/texlive/texmf-dist/tex/generic/pgfplots/util/pgfplotsutil.code.tex
(/usr/share/texlive/texmf-dist/tex/generic/pgfplots/liststructure/pgfplotslists
tructure.code.tex)
(/usr/share/texlive/texmf-dist/tex/generic/pgfplots/liststructure/pgfplotslists
tructureext.code.tex)
(/usr/share/texlive/texmf-dist/tex/generic/pgfplots/liststructure/pgfplotsarray
.code.tex
\c@pgfplotsarray@tmp=\count124
)
(/usr/share/texlive/texmf-dist/tex/generic/pgfplots/liststructure/pgfplotsmatri
x.code.tex)
(/usr/share/texlive/texmf-dist/tex/generic/pgfplots/numtable/pgfplotstableshare
d.code.tex
\c@pgfplotstable@counta=\count125
\t@pgfplotstable@a=\toks41
)
(/usr/share/texlive/texmf-dist/tex/generic/pgfplots/liststructure/pgfplotsdeque
.code.tex)
(/usr/share/texlive/texmf-dist/tex/generic/pgfplots/util/pgfplotsbinary.code.te
x
(/usr/share/texlive/texmf-dist/tex/generic/pgfplots/util/pgfplotsbinary.data.co
de.tex))
(/usr/share/texlive/texmf-dist/tex/generic/pgfplots/util/pgfplotsutil.verb.code
.tex)
(/usr/share/texlive/texmf-dist/tex/generic/pgfplots/libs/pgflibrarypgfplots.sur
fshading.code.tex
\c@pgfplotslibrarysurf@no=\count126

(/usr/share/texlive/texmf-dist/tex/generic/pgfplots/sys/pgflibrarypgfplots.surf
shading.pgfsys-pdftex.def)))
(/usr/share/texlive/texmf-dist/tex/generic/pgfplots/util/pgfplotscolormap.code.
tex
(/usr/share/texlive/texmf-dist/tex/generic/pgfplots/util/pgfplotscolor.code.tex
))
(/usr/share/texlive/texmf-dist/tex/generic/pgfplots/pgfplotsstackedplots.code.t
ex)
(/usr/share/texlive/texmf-dist/tex/generic/pgfplots/pgfplotsplothandlers.code.t
ex
(/usr/share/texlive/texmf-dist/tex/generic/pgfplots/pgfplotsmeshplothandler.cod
e.tex))
(/usr/share/texlive/texmf-dist/tex/generic/pgfplots/pgfplots.scaling.code.tex)
(/usr/share/texlive/texmf-dist/tex/generic/pgfplots/pgfplotscoordprocessing.cod
e.tex)
(/usr/share/texlive/texmf-dist/tex/generic/pgfplots/pgfplots.errorbars.code.tex
) (/usr/share/texlive/texmf-dist/tex/generic/pgfplots/pgfplots.markers.code.tex
) (/usr/share/texlive/texmf-dist/tex/generic/pgfplots/pgfplotsticks.code.tex)
(/usr/share/texlive/texmf-dist/tex/generic/pgfplots/pgfplots.paths.code.tex)
(/usr/share/texmf/tex/generic/pgf/frontendlayer/tikz/libraries/tikzlibrarydecor
ations.code.tex
(/usr/share/texmf/tex/generic/pgf/modules/pgfmoduledecorations.code.tex
\pgfdecoratedcompleteddistance=\dimen159
\pgfdecoratedremainingdistance=\dimen160
\pgfdecoratedinputsegmentcompleteddistance=\dimen161
\pgfdecoratedinputsegmentremainingdistance=\dimen162
\pgf@decorate@distancetomove=\dimen163
\pgf@decorate@repeatstate=\count127
\pgfdecorationsegmentamplitude=\dimen164
\pgfdecorationsegmentlength=\dimen165
)
\tikz@lib@dec@box=\box40
)
(/usr/share/texmf/tex/generic/pgf/frontendlayer/tikz/libraries/tikzlibrarydecor
ations.pathmorphing.code.tex
(/usr/share/texmf/tex/generic/pgf/libraries/decorations/pgflibrarydecorations.p
athmorphing.code.tex))
(/usr/share/texmf/tex/generic/pgf/frontendlayer/tikz/libraries/tikzlibrarydecor
ations.pathreplacing.code.tex
(/usr/share/texmf/tex/generic/pgf/libraries/decorations/pgflibrarydecorations.p
athreplacing.code.tex))
\pgfplots@numplots=\count128
\pgfplots@xmin@reg=\dimen166
\pgfplots@xmax@reg=\dimen167
\pgfplots@ymin@reg=\dimen168
\pgfplots@ymax@reg=\dimen169
\pgfplots@zmin@reg=\dimen170
\pgfplots@zmax@reg=\dimen171
)
(/usr/share/texmf/tex/generic/pgf/frontendlayer/tikz/libraries/tikzlibraryplotm
arks.code.tex
File: tikzlibraryplotmarks.code.tex 2008/01/09 v2.10 (rcs-revision 1.1)

(/usr/share/texmf/tex/generic/pgf/libraries/pgflibraryplotmarks.code.tex
File: pgflibraryplotmarks.code.tex 2010/10/15 v2.10 (rcs-revision 1.12)
)))
(/usr/share/texlive/texmf-dist/tex/latex/mh/breqn.sty
(/usr/share/texlive/texmf-dist/tex/latex/l3kernel/expl3.sty
(/usr/share/texlive/texmf-dist/tex/latex/l3kernel/l3names.sty
(/usr/share/texlive/texmf-dist/tex/latex/l3kernel/l3bootstrap.sty
Package: l3bootstrap 2014/01/04 v4640 L3 Experimental bootstrap code
)
Package: l3names 2014/01/04 v4640 L3 Namespace for primitives
)
(/usr/share/texlive/texmf-dist/tex/latex/etex-pkg/etex.sty
Package: etex 1998/03/26 v2.0 eTeX basic definition package (PEB)
\et@xins=\count129
)
Package: expl3 2014/01/07 v4646 L3 Experimental code bundle wrapper

(/usr/share/texlive/texmf-dist/tex/latex/l3kernel/l3basics.sty
Package: l3basics 2014/01/04 v4642 L3 Basic definitions
)
(/usr/share/texlive/texmf-dist/tex/latex/l3kernel/l3expan.sty
Package: l3expan 2014/01/04 v4642 L3 Argument expansion
)
(/usr/share/texlive/texmf-dist/tex/latex/l3kernel/l3tl.sty
Package: l3tl 2013/12/27 v4625 L3 Token lists
)
(/usr/share/texlive/texmf-dist/tex/latex/l3kernel/l3seq.sty
Package: l3seq 2013/12/14 v4623 L3 Sequences and stacks
)
(/usr/share/texlive/texmf-dist/tex/latex/l3kernel/l3int.sty
Package: l3int 2013/08/02 v4583 L3 Integers
\c_max_int=\count130
\l_tmpa_int=\count131
\l_tmpb_int=\count132
\g_tmpa_int=\count133
\g_tmpb_int=\count134
)
(/usr/share/texlive/texmf-dist/tex/latex/l3kernel/l3quark.sty
Package: l3quark 2013/12/14 v4623 L3 Quarks
)
(/usr/share/texlive/texmf-dist/tex/latex/l3kernel/l3prg.sty
Package: l3prg 2014/01/04 v4642 L3 Control structures
\g__prg_map_int=\count135
)
(/usr/share/texlive/texmf-dist/tex/latex/l3kernel/l3clist.sty
Package: l3clist 2013/07/28 v4581 L3 Comma separated lists
)
(/usr/share/texlive/texmf-dist/tex/latex/l3kernel/l3token.sty
Package: l3token 2013/08/25 v4587 L3 Experimental token manipulation
)
(/usr/share/texlive/texmf-dist/tex/latex/l3kernel/l3prop.sty
Package: l3prop 2013/12/14 v4623 L3 Property lists
)
(/usr/share/texlive/texmf-dist/tex/latex/l3kernel/l3msg.sty
Package: l3msg 2013/07/28 v4581 L3 Messages
)
(/usr/share/texlive/texmf-dist/tex/latex/l3kernel/l3file.sty
Package: l3file 2013/10/13 v4596 L3 File and I/O operations
\l_iow_line_count_int=\count136
\l__iow_target_count_int=\count137
\l__iow_current_line_int=\count138
\l__iow_current_word_int=\count139
\l__iow_current_indentation_int=\count140
)
(/usr/share/texlive/texmf-dist/tex/latex/l3kernel/l3skip.sty
Package: l3skip 2013/07/28 v4581 L3 Dimensions and skips
\c_zero_dim=\dimen172
\c_max_dim=\dimen173
\l_tmpa_dim=\dimen174
\l_tmpb_dim=\dimen175
\g_tmpa_dim=\dimen176
\g_tmpb_dim=\dimen177
\c_zero_skip=\skip50
\c_max_skip=\skip51
\l_tmpa_skip=\skip52
\l_tmpb_skip=\skip53
\g_tmpa_skip=\skip54
\g_tmpb_skip=\skip55
\c_zero_muskip=\muskip11
\c_max_muskip=\muskip12
\l_tmpa_muskip=\muskip13
\l_tmpb_muskip=\muskip14
\g_tmpa_muskip=\muskip15
\g_tmpb_muskip=\muskip16
)
(/usr/share/texlive/texmf-dist/tex/latex/l3kernel/l3keys.sty
Package: l3keys 2013/12/08 v4614 L3 Experimental key-value interfaces
\g__keyval_level_int=\count141
\l_keys_choice_int=\count142
)
(/usr/share/texlive/texmf-dist/tex/latex/l3kernel/l3fp.sty
Package: l3fp 2014/01/04 v4642 L3 Floating points
\c__fp_leading_shift_int=\count143
\c__fp_middle_shift_int=\count144
\c__fp_trailing_shift_int=\count145
\c__fp_big_leading_shift_int=\count146
\c__fp_big_middle_shift_int=\count147
\c__fp_big_trailing_shift_int=\count148
\c__fp_Bigg_leading_shift_int=\count149
\c__fp_Bigg_middle_shift_int=\count150
\c__fp_Bigg_trailing_shift_int=\count151
)
(/usr/share/texlive/texmf-dist/tex/latex/l3kernel/l3box.sty
Package: l3box 2013/07/28 v4581 L3 Experimental boxes
\c_empty_box=\box41
\l_tmpa_box=\box42
\l_tmpb_box=\box43
\g_tmpa_box=\box44
\g_tmpb_box=\box45
)
(/usr/share/texlive/texmf-dist/tex/latex/l3kernel/l3coffins.sty
Package: l3coffins 2013/12/14 v4624 L3 Coffin code layer
\l__coffin_internal_box=\box46
\l__coffin_internal_dim=\dimen178
\l__coffin_offset_x_dim=\dimen179
\l__coffin_offset_y_dim=\dimen180
\l__coffin_x_dim=\dimen181
\l__coffin_y_dim=\dimen182
\l__coffin_x_prime_dim=\dimen183
\l__coffin_y_prime_dim=\dimen184
\c_empty_coffin=\box47
\l__coffin_aligned_coffin=\box48
\l__coffin_aligned_internal_coffin=\box49
\l_tmpa_coffin=\box50
\l_tmpb_coffin=\box51
\l__coffin_display_coffin=\box52
\l__coffin_display_coord_coffin=\box53
\l__coffin_display_pole_coffin=\box54
\l__coffin_display_offset_dim=\dimen185
\l__coffin_display_x_dim=\dimen186
\l__coffin_display_y_dim=\dimen187
)
(/usr/share/texlive/texmf-dist/tex/latex/l3kernel/l3color.sty
Package: l3color 2012/08/29 v4156 L3 Experimental color support
)
(/usr/share/texlive/texmf-dist/tex/latex/l3kernel/l3luatex.sty
Package: l3luatex 2013/07/28 v4581 L3 Experimental LuaTeX-specific functions
\g__cctab_allocate_int=\count152
\g__cctab_stack_int=\count153
)
(/usr/share/texlive/texmf-dist/tex/latex/l3kernel/l3candidates.sty
Package: l3candidates 2014/01/06 v4643 L3 Experimental additions to l3kernel
\l__box_top_dim=\dimen188
\l__box_bottom_dim=\dimen189
\l__box_left_dim=\dimen190
\l__box_right_dim=\dimen191
\l__box_top_new_dim=\dimen192
\l__box_bottom_new_dim=\dimen193
\l__box_left_new_dim=\dimen194
\l__box_right_new_dim=\dimen195
\l__box_internal_box=\box55
\l__coffin_bounding_shift_dim=\dimen196
\l__coffin_left_corner_dim=\dimen197
\l__coffin_right_corner_dim=\dimen198
\l__coffin_bottom_corner_dim=\dimen199
\l__coffin_top_corner_dim=\dimen200
\l__coffin_scaled_total_height_dim=\dimen201
Normal \dimen register pool exhausted, switching to extended pool.
\l__coffin_scaled_width_dim=\dimen256
)
(/usr/share/texlive/texmf-dist/tex/generic/oberdiek/ifpdf.sty
Package: ifpdf 2011/01/30 v2.3 Provides the ifpdf switch (HO)
Package ifpdf Info: pdfTeX in PDF mode is detected.
))
Package: breqn 2012/05/10 v0.98b Breaking equations

(/usr/share/texlive/texmf-dist/tex/latex/mh/flexisym.sty
Package: flexisym 2013/03/16 v0.97c Make math characters macros
LaTeX Info: Redefining \textprime on input line 296.
LaTeX Info: Redefining \not on input line 354.

(/usr/share/texlive/texmf-dist/tex/latex/mh/cmbase.sym
File: cmbase.sym 2007/12/19 v0.92
LaTeX Info: Redefining \hbar on input line 323.
LaTeX Info: Redefining \surd on input line 325.
LaTeX Info: Redefining \angle on input line 333.
LaTeX Info: Redefining \neq on input line 334.
LaTeX Info: Redefining \mapsto on input line 335.
LaTeX Info: Redefining \cong on input line 336.
LaTeX Info: Redefining \notin on input line 339.
LaTeX Info: Redefining \rightleftharpoons on input line 340.
LaTeX Info: Redefining \doteq on input line 341.
LaTeX Info: Redefining \hookrightarrow on input line 342.
LaTeX Info: Redefining \hookleftarrow on input line 343.
LaTeX Info: Redefining \bowtie on input line 344.
LaTeX Info: Redefining \models on input line 345.
LaTeX Info: Redefining \Longrightarrow on input line 346.
LaTeX Info: Redefining \longrightarrow on input line 347.
LaTeX Info: Redefining \Longleftarrow on input line 348.
LaTeX Info: Redefining \longleftarrow on input line 349.
LaTeX Info: Redefining \longmapsto on input line 350.
LaTeX Info: Redefining \longleftrightarrow on input line 351.
LaTeX Info: Redefining \Longleftrightarrow on input line 352.
LaTeX Info: Redefining \cdots on input line 356.
LaTeX Info: Redefining \vdots on input line 359.
LaTeX Info: Redefining \ddots on input line 364.
)
(/usr/share/texlive/texmf-dist/tex/latex/mh/mathstyle.sty
Package: mathstyle 2011/08/03 v0.90 Tracking mathstyle implicitly
LaTeX Info: Redefining \displaystyle on input line 81.
LaTeX Info: Redefining \textstyle on input line 83.
LaTeX Info: Redefining \scriptstyle on input line 85.
LaTeX Info: Redefining \scriptscriptstyle on input line 87.
LaTeX Info: Redefining \genfrac on input line 121.
))
(/usr/share/texlive/texmf-dist/tex/latex/tools/calc.sty
Package: calc 2007/08/22 v4.3 Infix arithmetic (KKT,FJ)
\calc@Acount=\count154
\calc@Bcount=\count155
\calc@Adimen=\dimen257
\calc@Bdimen=\dimen258
\calc@Askip=\skip56
\calc@Bskip=\skip57
LaTeX Info: Redefining \setlength on input line 76.
LaTeX Info: Redefining \addtolength on input line 77.
\calc@Ccount=\count156
\calc@Cskip=\skip58
)
\inf@bad=\count157
\maxint=\count158
\listwidth=\dimen259
\eqnumsep=\dimen260
\eqmargin=\dimen261
\eqlinespacing=\skip59
\eqlineskip=\skip60
\eqlineskiplimit=\dimen262
\eqbinoffset=\muskip17
\eqdelimoffset=\muskip18
\eqindentstep=\dimen263
\eqstyle=\toks42
\eqbreakdepth=\count159
\eqinterlinepenalty=\count160
\intereqpenalty=\count161
\intereqskip=\skip61
\prerelpenalty=\count162
\prebinoppenalty=\count163
\Dmedmuskip=\muskip19
\Dthickmuskip=\muskip20
\eqleftskip=\skip62
\eqrightskip=\skip63
\eq@vspan=\skip64
\eq@binoffset=\muskip21
\EQ@box=\box56
\EQ@copy=\box57
\EQ@numbox=\box58
\eq@wdNum=\dimen264
\GRP@numbox=\box59
\grp@wdNum=\dimen265
\eq@lines=\count164
\eq@curline=\count165
\eq@badness=\count166
\EQ@vims=\count167
\eq@dp=\dimen266
\eq@wdL=\dimen267
\eq@wdT=\dimen268
\eq@wdMin=\dimen269
\grp@wdL=\dimen270
\grp@wdR=\dimen271
\grp@wdT=\dimen272
\eq@wdRmax=\dimen273
\eq@firstht=\dimen274
\eq@wdCond=\dimen275
\eq@indentstep=\dimen276
\eq@linewidth=\dimen277
\grp@linewidth=\dimen278
\eq@hshift=\dimen279
\eq@given@sidespace=\dimen280
\mathindent=\dimen281
\eq@final@linecount=\count168
\eq@wdR=\dimen282
\EQ@continue=\toks43
\lr@level=\count169
\GRP@queue=\toks44
\GRP@box=\box60
\GRP@wholebox=\box61
\darraycolsep=\skip65
\cur@row=\count170
\cur@col=\count171
\conditionsep=\skip66
)
(/usr/share/texlive/texmf-dist/tex/latex/tools/verbatim.sty
Package: verbatim 2003/08/22 v1.5q LaTeX2e package for verbatim enhancements
\every@verbatim=\toks45
\verbatim@line=\toks46
\verbatim@in@stream=\read2
)
(/usr/share/texlive/texmf-dist/tex/latex/mh/mathtools.sty
Package: mathtools 2013/02/12 v1.13 mathematical typesetting tools

(/usr/share/texlive/texmf-dist/tex/latex/mh/mhsetup.sty
Package: mhsetup 2010/01/21 v1.2a programming setup (MH)
)
LaTeX Info: Thecontrolsequence`\['isalreadyrobust on input line 129.
LaTeX Info: Thecontrolsequence`\]'isalreadyrobust on input line 129.
\g_MT_multlinerow_int=\count172
\l_MT_multwidth_dim=\dimen283
\origjot=\skip67
\l_MT_shortvdotswithinadjustabove_dim=\dimen284
\l_MT_shortvdotswithinadjustbelow_dim=\dimen285
\l_MT_above_intertext_sep=\dimen286
\l_MT_below_intertext_sep=\dimen287
\l_MT_above_shortintertext_sep=\dimen288
\l_MT_below_shortintertext_sep=\dimen289
)
(/usr/share/texlive/texmf-dist/tex/latex/physics/physics.sty
Package: physics 

(/usr/share/texlive/texmf-dist/tex/latex/l3packages/xparse/xparse.sty
Package: xparse 2013/12/31 v4634 L3 Experimental document command parser
\l__xparse_current_arg_int=\count173
\l__xparse_m_args_int=\count174
\l__xparse_mandatory_args_int=\count175
\l__xparse_processor_int=\count176
\l__xparse_v_nesting_int=\count177
)
.................................................
. LaTeX info: "xparse/define-command"
. 
. Defining document command \vnabla with arg. spec. '' on line 25.
.................................................
.................................................
. LaTeX info: "xparse/define-command"
. 
. Defining document command \varE with arg. spec. '' on line 29.
.................................................
.................................................
. LaTeX info: "xparse/define-command"
. 
. Defining document command \ordersymbol with arg. spec. '' on line 30.
.................................................
.................................................
. LaTeX info: "xparse/define-command"
. 
. Defining document command \quantity with arg. spec. '' on line 35.
.................................................
.................................................
. LaTeX info: "xparse/define-command"
. 
. Defining document command \@quantity with arg. spec. ' t\big t\Big t\bigg
. t\Bigg g o d() d|| ' on line 62.
.................................................
.................................................
. LaTeX info: "xparse/define-command"
. 
. Defining document command \qty with arg. spec. '' on line 63.
.................................................
.................................................
. LaTeX info: "xparse/define-command"
. 
. Defining document command \pqty with arg. spec. ' l m ' on line 64.
.................................................
.................................................
. LaTeX info: "xparse/define-command"
. 
. Defining document command \bqty with arg. spec. ' l m ' on line 65.
.................................................
.................................................
. LaTeX info: "xparse/define-command"
. 
. Defining document command \Bqty with arg. spec. ' l m ' on line 66.
.................................................
.................................................
. LaTeX info: "xparse/define-command"
. 
. Defining document command \vqty with arg. spec. ' l m ' on line 67.
.................................................
.................................................
. LaTeX info: "xparse/define-command"
. 
. Defining document command \pmqty with arg. spec. 'm' on line 70.
.................................................
.................................................
. LaTeX info: "xparse/define-command"
. 
. Defining document command \Pmqty with arg. spec. 'm' on line 71.
.................................................
.................................................
. LaTeX info: "xparse/define-command"
. 
. Defining document command \bmqty with arg. spec. 'm' on line 72.
.................................................
.................................................
. LaTeX info: "xparse/define-command"
. 
. Defining document command \vmqty with arg. spec. 'm' on line 73.
.................................................
.................................................
. LaTeX info: "xparse/define-command"
. 
. Defining document command \matrixquantity with arg. spec. '' on line 74.
.................................................
.................................................
. LaTeX info: "xparse/define-command"
. 
. Defining document command \@matrixquantity with arg. spec. ' s g o d() d|| '
. on line 100.
.................................................
.................................................
. LaTeX info: "xparse/define-command"
. 
. Defining document command \mqty with arg. spec. '' on line 101.
.................................................
.................................................
. LaTeX info: "xparse/define-command"
. 
. Defining document command \matrixdeterminant with arg. spec. 'm' on line
. 102.
.................................................
.................................................
. LaTeX info: "xparse/define-command"
. 
. Defining document command \mdet with arg. spec. '' on line 103.
.................................................
.................................................
. LaTeX info: "xparse/define-command"
. 
. Defining document command \spmqty with arg. spec. 'm' on line 105.
.................................................
.................................................
. LaTeX info: "xparse/define-command"
. 
. Defining document command \sPmqty with arg. spec. 'm' on line 106.
.................................................
.................................................
. LaTeX info: "xparse/define-command"
. 
. Defining document command \sbmqty with arg. spec. 'm' on line 107.
.................................................
.................................................
. LaTeX info: "xparse/define-command"
. 
. Defining document command \svmqty with arg. spec. 'm' on line 108.
.................................................
.................................................
. LaTeX info: "xparse/define-command"
. 
. Defining document command \smallmatrixquantity with arg. spec. ' s g o d()
. d|| ' on line 133.
.................................................
.................................................
. LaTeX info: "xparse/define-command"
. 
. Defining document command \smqty with arg. spec. '' on line 134.
.................................................
.................................................
. LaTeX info: "xparse/define-command"
. 
. Defining document command \smallmatrixdeterminant with arg. spec. 'm' on
. line 135.
.................................................
.................................................
. LaTeX info: "xparse/define-command"
. 
. Defining document command \smdet with arg. spec. '' on line 136.
.................................................
.................................................
. LaTeX info: "xparse/define-command"
. 
. Defining document command \argopen with arg. spec. 's' on line 138.
.................................................
.................................................
. LaTeX info: "xparse/define-command"
. 
. Defining document command \argclose with arg. spec. 's' on line 139.
.................................................
.................................................
. LaTeX info: "xparse/define-command"
. 
. Defining document command \braces with arg. spec. '' on line 141.
.................................................
.................................................
. LaTeX info: "xparse/define-command"
. 
. Defining document command \@braces with arg. spec. ' s t\big t\Big t\bigg
. t\Bigg m m m ' on line 156.
.................................................
.................................................
. LaTeX info: "xparse/define-command"
. 
. Defining document command \fbraces with arg. spec. ' s t\big t\Big t\bigg
. t\Bigg m m m m ' on line 174.
.................................................
.................................................
. LaTeX info: "xparse/define-command"
. 
. Defining document command \absolutevalue with arg. spec. ' l m ' on line
. 176.
.................................................
.................................................
. LaTeX info: "xparse/define-command"
. 
. Defining document command \abs with arg. spec. '' on line 177.
.................................................
.................................................
. LaTeX info: "xparse/define-command"
. 
. Defining document command \norm with arg. spec. ' l m ' on line 178.
.................................................
.................................................
. LaTeX info: "xparse/define-command"
. 
. Defining document command \order with arg. spec. ' l m ' on line 179.
.................................................
.................................................
. LaTeX info: "xparse/define-command"
. 
. Defining document command \evaluated with arg. spec. ' s g d[| d(| ' on line
. 194.
.................................................
.................................................
. LaTeX info: "xparse/define-command"
. 
. Defining document command \eval with arg. spec. '' on line 195.
.................................................
.................................................
. LaTeX info: "xparse/define-command"
. 
. Defining document command \poissonbracket with arg. spec. ' l m m ' on line
. 197.
.................................................
.................................................
. LaTeX info: "xparse/define-command"
. 
. Defining document command \pb with arg. spec. '' on line 198.
.................................................
.................................................
. LaTeX info: "xparse/define-command"
. 
. Defining document command \commutator with arg. spec. ' l m m ' on line 201.
.................................................
.................................................
. LaTeX info: "xparse/define-command"
. 
. Defining document command \comm with arg. spec. '' on line 202.
.................................................
.................................................
. LaTeX info: "xparse/define-command"
. 
. Defining document command \anticommutator with arg. spec. ' l m m ' on line
. 203.
.................................................
.................................................
. LaTeX info: "xparse/define-command"
. 
. Defining document command \acommutator with arg. spec. '' on line 204.
.................................................
.................................................
. LaTeX info: "xparse/define-command"
. 
. Defining document command \acomm with arg. spec. '' on line 205.
.................................................
.................................................
. LaTeX info: "xparse/define-command"
. 
. Defining document command \vectorbold with arg. spec. ' s m ' on line 208.
.................................................
.................................................
. LaTeX info: "xparse/define-command"
. 
. Defining document command \vb with arg. spec. '' on line 209.
.................................................
.................................................
. LaTeX info: "xparse/define-command"
. 
. Defining document command \vectorarrow with arg. spec. ' s m ' on line 211.
.................................................
.................................................
. LaTeX info: "xparse/define-command"
. 
. Defining document command \va with arg. spec. '' on line 212.
.................................................
.................................................
. LaTeX info: "xparse/define-command"
. 
. Defining document command \vectorunit with arg. spec. ' s m ' on line 214.
.................................................
.................................................
. LaTeX info: "xparse/define-command"
. 
. Defining document command \vu with arg. spec. '' on line 215.
.................................................
.................................................
. LaTeX info: "xparse/define-command"
. 
. Defining document command \dotproduct with arg. spec. '' on line 217.
.................................................
.................................................
. LaTeX info: "xparse/define-command"
. 
. Defining document command \vdot with arg. spec. '' on line 218.
.................................................
.................................................
. LaTeX info: "xparse/define-command"
. 
. Defining document command \crossproduct with arg. spec. '' on line 220.
.................................................
.................................................
. LaTeX info: "xparse/define-command"
. 
. Defining document command \cross with arg. spec. '' on line 221.
.................................................
.................................................
. LaTeX info: "xparse/define-command"
. 
. Defining document command \cp with arg. spec. '' on line 222.
.................................................
.................................................
. LaTeX info: "xparse/define-command"
. 
. Defining document command \gradient with arg. spec. ' g o d() ' on line 232.
.................................................
.................................................
. LaTeX info: "xparse/define-command"
. 
. Defining document command \grad with arg. spec. '' on line 233.
.................................................
.................................................
. LaTeX info: "xparse/define-command"
. 
. Defining document command \divergence with arg. spec. ' g o d() ' on line
. 243.
.................................................
.................................................
. LaTeX info: "xparse/define-command"
. 
. Defining document command \div with arg. spec. '' on line 246.
.................................................
.................................................
. LaTeX info: "xparse/define-command"
. 
. Defining document command \curl with arg. spec. ' g o d() ' on line 256.
.................................................
.................................................
. LaTeX info: "xparse/define-command"
. 
. Defining document command \laplacian with arg. spec. ' g o d() ' on line
. 266.
.................................................
.................................................
. LaTeX info: "xparse/define-command"
. 
. Defining document command \principalvalue with arg. spec. 'g' on line 274.
.................................................
.................................................
. LaTeX info: "xparse/define-command"
. 
. Defining document command \pv with arg. spec. '' on line 275.
.................................................
.................................................
. LaTeX info: "xparse/define-command"
. 
. Defining document command \PV with arg. spec. 'g' on line 276.
.................................................

*************************************************
* LaTeX warning: "xparse/redefine-command"
* 
* Redefining document command \Re with arg. spec. 'g' on line 277.
*************************************************
*************************************************
* LaTeX warning: "xparse/redefine-command"
* 
* Redefining document command \Im with arg. spec. 'g' on line 278.
*************************************************
.................................................
. LaTeX info: "xparse/define-command"
. 
. Defining document command \opbraces with arg. spec. ' m g o d() ' on line
. 299.
.................................................
.................................................
. LaTeX info: "xparse/define-command"
. 
. Defining document command \trigbraces with arg. spec. ' m o d() ' on line
. 305.
.................................................
*************************************************
* LaTeX warning: "xparse/redefine-command"
* 
* Redefining document command \sin with arg. spec. '' on line 309.
*************************************************
*************************************************
* LaTeX warning: "xparse/redefine-command"
* 
* Redefining document command \cos with arg. spec. '' on line 310.
*************************************************
*************************************************
* LaTeX warning: "xparse/redefine-command"
* 
* Redefining document command \tan with arg. spec. '' on line 311.
*************************************************
*************************************************
* LaTeX warning: "xparse/redefine-command"
* 
* Redefining document command \csc with arg. spec. '' on line 312.
*************************************************
*************************************************
* LaTeX warning: "xparse/redefine-command"
* 
* Redefining document command \sec with arg. spec. '' on line 313.
*************************************************
*************************************************
* LaTeX warning: "xparse/redefine-command"
* 
* Redefining document command \cot with arg. spec. '' on line 314.
*************************************************
*************************************************
* LaTeX warning: "xparse/redefine-command"
* 
* Redefining document command \arcsin with arg. spec. '' on line 316.
*************************************************
*************************************************
* LaTeX warning: "xparse/redefine-command"
* 
* Redefining document command \arccos with arg. spec. '' on line 317.
*************************************************
*************************************************
* LaTeX warning: "xparse/redefine-command"
* 
* Redefining document command \arctan with arg. spec. '' on line 318.
*************************************************
.................................................
. LaTeX info: "xparse/define-command"
. 
. Defining document command \arccsc with arg. spec. '' on line 320.
.................................................
.................................................
. LaTeX info: "xparse/define-command"
. 
. Defining document command \arcsec with arg. spec. '' on line 322.
.................................................
.................................................
. LaTeX info: "xparse/define-command"
. 
. Defining document command \arccot with arg. spec. '' on line 324.
.................................................
.................................................
. LaTeX info: "xparse/define-command"
. 
. Defining document command \asin with arg. spec. '' on line 327.
.................................................
.................................................
. LaTeX info: "xparse/define-command"
. 
. Defining document command \acos with arg. spec. '' on line 329.
.................................................
.................................................
. LaTeX info: "xparse/define-command"
. 
. Defining document command \atan with arg. spec. '' on line 331.
.................................................
.................................................
. LaTeX info: "xparse/define-command"
. 
. Defining document command \acsc with arg. spec. '' on line 333.
.................................................
.................................................
. LaTeX info: "xparse/define-command"
. 
. Defining document command \asec with arg. spec. '' on line 335.
.................................................
.................................................
. LaTeX info: "xparse/define-command"
. 
. Defining document command \acot with arg. spec. '' on line 337.
.................................................
*************************************************
* LaTeX warning: "xparse/redefine-command"
* 
* Redefining document command \sinh with arg. spec. '' on line 339.
*************************************************
*************************************************
* LaTeX warning: "xparse/redefine-command"
* 
* Redefining document command \cosh with arg. spec. '' on line 340.
*************************************************
*************************************************
* LaTeX warning: "xparse/redefine-command"
* 
* Redefining document command \tanh with arg. spec. '' on line 341.
*************************************************
.................................................
. LaTeX info: "xparse/define-command"
. 
. Defining document command \csch with arg. spec. '' on line 343.
.................................................
.................................................
. LaTeX info: "xparse/define-command"
. 
. Defining document command \sech with arg. spec. '' on line 345.
.................................................
*************************************************
* LaTeX warning: "xparse/redefine-command"
* 
* Redefining document command \coth with arg. spec. '' on line 346.
*************************************************
*************************************************
* LaTeX warning: "xparse/redefine-command"
* 
* Redefining document command \exp with arg. spec. '' on line 348.
*************************************************
*************************************************
* LaTeX warning: "xparse/redefine-command"
* 
* Redefining document command \log with arg. spec. '' on line 349.
*************************************************
*************************************************
* LaTeX warning: "xparse/redefine-command"
* 
* Redefining document command \ln with arg. spec. '' on line 350.
*************************************************
*************************************************
* LaTeX warning: "xparse/redefine-command"
* 
* Redefining document command \det with arg. spec. '' on line 351.
*************************************************
*************************************************
* LaTeX warning: "xparse/redefine-command"
* 
* Redefining document command \Pr with arg. spec. '' on line 352.
*************************************************
.................................................
. LaTeX info: "xparse/define-command"
. 
. Defining document command \tr with arg. spec. '' on line 353.
.................................................
.................................................
. LaTeX info: "xparse/define-command"
. 
. Defining document command \Tr with arg. spec. '' on line 354.
.................................................
.................................................
. LaTeX info: "xparse/define-command"
. 
. Defining document command \Res with arg. spec. '' on line 355.
.................................................
.................................................
. LaTeX info: "xparse/define-command"
. 
. Defining document command \qqtext with arg. spec. ' s m ' on line 377.
.................................................
.................................................
. LaTeX info: "xparse/define-command"
. 
. Defining document command \qq with arg. spec. '' on line 378.
.................................................
.................................................
. LaTeX info: "xparse/define-command"
. 
. Defining document command \qcomma with arg. spec. '' on line 380.
.................................................
.................................................
. LaTeX info: "xparse/define-command"
. 
. Defining document command \qc with arg. spec. '' on line 381.
.................................................
.................................................
. LaTeX info: "xparse/define-command"
. 
. Defining document command \qif with arg. spec. 's' on line 383.
.................................................
.................................................
. LaTeX info: "xparse/define-command"
. 
. Defining document command \qthen with arg. spec. 's' on line 384.
.................................................
.................................................
. LaTeX info: "xparse/define-command"
. 
. Defining document command \qelse with arg. spec. 's' on line 385.
.................................................
.................................................
. LaTeX info: "xparse/define-command"
. 
. Defining document command \qotherwise with arg. spec. 's' on line 386.
.................................................
.................................................
. LaTeX info: "xparse/define-command"
. 
. Defining document command \qunless with arg. spec. 's' on line 387.
.................................................
.................................................
. LaTeX info: "xparse/define-command"
. 
. Defining document command \qgiven with arg. spec. 's' on line 388.
.................................................
.................................................
. LaTeX info: "xparse/define-command"
. 
. Defining document command \qusing with arg. spec. 's' on line 389.
.................................................
.................................................
. LaTeX info: "xparse/define-command"
. 
. Defining document command \qassume with arg. spec. 's' on line 390.
.................................................
.................................................
. LaTeX info: "xparse/define-command"
. 
. Defining document command \qsince with arg. spec. 's' on line 391.
.................................................
.................................................
. LaTeX info: "xparse/define-command"
. 
. Defining document command \qlet with arg. spec. 's' on line 392.
.................................................
.................................................
. LaTeX info: "xparse/define-command"
. 
. Defining document command \qfor with arg. spec. 's' on line 393.
.................................................
.................................................
. LaTeX info: "xparse/define-command"
. 
. Defining document command \qall with arg. spec. 's' on line 394.
.................................................
.................................................
. LaTeX info: "xparse/define-command"
. 
. Defining document command \qeven with arg. spec. 's' on line 395.
.................................................
.................................................
. LaTeX info: "xparse/define-command"
. 
. Defining document command \qodd with arg. spec. 's' on line 396.
.................................................
.................................................
. LaTeX info: "xparse/define-command"
. 
. Defining document command \qinteger with arg. spec. 's' on line 397.
.................................................
.................................................
. LaTeX info: "xparse/define-command"
. 
. Defining document command \qand with arg. spec. 's' on line 398.
.................................................
.................................................
. LaTeX info: "xparse/define-command"
. 
. Defining document command \qor with arg. spec. 's' on line 399.
.................................................
.................................................
. LaTeX info: "xparse/define-command"
. 
. Defining document command \qas with arg. spec. 's' on line 400.
.................................................
.................................................
. LaTeX info: "xparse/define-command"
. 
. Defining document command \qin with arg. spec. 's' on line 401.
.................................................
.................................................
. LaTeX info: "xparse/define-command"
. 
. Defining document command \qcc with arg. spec. 's' on line 402.
.................................................
.................................................
. LaTeX info: "xparse/define-command"
. 
. Defining document command \differential with arg. spec. ' o g d() ' on line
. 415.
.................................................
.................................................
. LaTeX info: "xparse/define-command"
. 
. Defining document command \dd with arg. spec. '' on line 416.
.................................................
.................................................
. LaTeX info: "xparse/define-command"
. 
. Defining document command \derivative with arg. spec. ' s o m g d() ' on
. line 435.
.................................................
.................................................
. LaTeX info: "xparse/define-command"
. 
. Defining document command \dv with arg. spec. '' on line 436.
.................................................
.................................................
. LaTeX info: "xparse/define-command"
. 
. Defining document command \partialderivative with arg. spec. ' s o m g g d()
. ' on line 460.
.................................................
.................................................
. LaTeX info: "xparse/define-command"
. 
. Defining document command \pderivative with arg. spec. '' on line 461.
.................................................
.................................................
. LaTeX info: "xparse/define-command"
. 
. Defining document command \pdv with arg. spec. '' on line 462.
.................................................
.................................................
. LaTeX info: "xparse/define-command"
. 
. Defining document command \variation with arg. spec. ' o g d() ' on line
. 474.
.................................................
.................................................
. LaTeX info: "xparse/define-command"
. 
. Defining document command \var with arg. spec. '' on line 475.
.................................................
.................................................
. LaTeX info: "xparse/define-command"
. 
. Defining document command \functionalderivative with arg. spec. ' s o m g
. d() ' on line 494.
.................................................
.................................................
. LaTeX info: "xparse/define-command"
. 
. Defining document command \fderivative with arg. spec. '' on line 495.
.................................................
.................................................
. LaTeX info: "xparse/define-command"
. 
. Defining document command \fdv with arg. spec. '' on line 496.
.................................................
.................................................
. LaTeX info: "xparse/define-command"
. 
. Defining document command \bra with arg. spec. ' s m t\ket s g ' on line
. 526.
.................................................
.................................................
. LaTeX info: "xparse/define-command"
. 
. Defining document command \ket with arg. spec. ' s m ' on line 533.
.................................................
.................................................
. LaTeX info: "xparse/define-command"
. 
. Defining document command \innerproduct with arg. spec. ' s m g ' on line
. 548.
.................................................
.................................................
. LaTeX info: "xparse/define-command"
. 
. Defining document command \braket with arg. spec. '' on line 549.
.................................................
.................................................
. LaTeX info: "xparse/define-command"
. 
. Defining document command \ip with arg. spec. '' on line 550.
.................................................
.................................................
. LaTeX info: "xparse/define-command"
. 
. Defining document command \outerproduct with arg. spec. ' s m g ' on line
. 565.
.................................................
.................................................
. LaTeX info: "xparse/define-command"
. 
. Defining document command \dyad with arg. spec. '' on line 566.
.................................................
.................................................
. LaTeX info: "xparse/define-command"
. 
. Defining document command \op with arg. spec. '' on line 567.
.................................................
.................................................
. LaTeX info: "xparse/define-command"
. 
. Defining document command \ketbra with arg. spec. '' on line 568.
.................................................
.................................................
. LaTeX info: "xparse/define-command"
. 
. Defining document command \expectationvalue with arg. spec. ' s s m g ' on
. line 587.
.................................................
.................................................
. LaTeX info: "xparse/define-command"
. 
. Defining document command \expval with arg. spec. '' on line 588.
.................................................
.................................................
. LaTeX info: "xparse/define-command"
. 
. Defining document command \ev with arg. spec. '' on line 589.
.................................................
.................................................
. LaTeX info: "xparse/define-command"
. 
. Defining document command \vev with arg. spec. ' m ' on line 590.
.................................................
.................................................
. LaTeX info: "xparse/define-command"
. 
. Defining document command \matrixelement with arg. spec. ' s s m m m ' on
. line 601.
.................................................
.................................................
. LaTeX info: "xparse/define-command"
. 
. Defining document command \matrixel with arg. spec. '' on line 602.
.................................................
.................................................
. LaTeX info: "xparse/define-command"
. 
. Defining document command \mel with arg. spec. '' on line 603.
.................................................
.................................................
. LaTeX info: "xparse/define-command"
. 
. Defining document command \identitymatrix with arg. spec. 'm' on line 633.
.................................................
.................................................
. LaTeX info: "xparse/define-command"
. 
. Defining document command \imat with arg. spec. '' on line 634.
.................................................
.................................................
. LaTeX info: "xparse/define-command"
. 
. Defining document command \xmatrix with arg. spec. ' s m m m ' on line 659.
.................................................
.................................................
. LaTeX info: "xparse/define-command"
. 
. Defining document command \xmat with arg. spec. '' on line 660.
.................................................
.................................................
. LaTeX info: "xparse/define-command"
. 
. Defining document command \zeromatrix with arg. spec. ' m g ' on line 662.
.................................................
.................................................
. LaTeX info: "xparse/define-command"
. 
. Defining document command \zmat with arg. spec. '' on line 663.
.................................................
.................................................
. LaTeX info: "xparse/define-command"
. 
. Defining document command \paulixmatrix with arg. spec. '' on line 665.
.................................................
.................................................
. LaTeX info: "xparse/define-command"
. 
. Defining document command \pauliymatrix with arg. spec. '' on line 666.
.................................................
.................................................
. LaTeX info: "xparse/define-command"
. 
. Defining document command \paulizmatrix with arg. spec. '' on line 667.
.................................................
.................................................
. LaTeX info: "xparse/define-command"
. 
. Defining document command \paulimatrix with arg. spec. 'm' on line 678.
.................................................
.................................................
. LaTeX info: "xparse/define-command"
. 
. Defining document command \pmat with arg. spec. '' on line 679.
.................................................
.................................................
. LaTeX info: "xparse/define-command"
. 
. Defining document command \diagonalmatrix with arg. spec. 'O{} >{\SplitList
. {,}}m ' on line 681.
.................................................
.................................................
. LaTeX info: "xparse/define-command"
. 
. Defining document command \@dmat with arg. spec. 'mmggggggg' on line 714.
.................................................
.................................................
. LaTeX info: "xparse/define-command"
. 
. Defining document command \dmat with arg. spec. '' on line 715.
.................................................
.................................................
. LaTeX info: "xparse/define-command"
. 
. Defining document command \antidiagonalmatrix with arg. spec. 'O{}
. >{\SplitList {,}}m ' on line 717.
.................................................
.................................................
. LaTeX info: "xparse/define-command"
. 
. Defining document command \@admat with arg. spec. 'mmggggggg' on line 750.
.................................................
.................................................
. LaTeX info: "xparse/define-command"
. 
. Defining document command \admat with arg. spec. '' on line 751.
.................................................
.................................................
. LaTeX info: "xparse/define-command"
. 
. Defining document command \flatfrac with arg. spec. ' m m ' on line 754.
.................................................
.................................................
. LaTeX info: "xparse/define-command"
. 
. Defining document command \homework with arg. spec. '' on line 764.
.................................................
) (/usr/share/texlive/texmf-dist/tex/latex/newtx/newtxtext.sty
Package: newtxtext 2014/02/12 v1.221

`newtxtext' v1.221, 2014/02/12 Text macros based on txfonts (msharpe)
(/usr/share/texlive/texmf-dist/tex/latex/fontaxes/fontaxes.sty
Package: fontaxes 2011/12/16 v1.0c Font selection axes
LaTeX Info: Redefining \upshape on input line 29.
LaTeX Info: Redefining \itshape on input line 31.
LaTeX Info: Redefining \slshape on input line 33.
LaTeX Info: Redefining \scshape on input line 37.
)
(/usr/share/texlive/texmf-dist/tex/latex/xkeyval/xkeyval.sty
Package: xkeyval 2012/10/14 v2.6b package option processing (HA)

(/usr/share/texlive/texmf-dist/tex/generic/xkeyval/xkeyval.tex
\XKV@toks=\toks47
\XKV@tempa@toks=\toks48
\XKV@depth=\count178
File: xkeyval.tex 2012/10/14 v2.6b key=value parser (HA)
))
(/usr/share/texlive/texmf-dist/tex/latex/base/fontenc.sty
Package: fontenc 2005/09/27 v1.99g Standard LaTeX package

(/usr/share/texlive/texmf-dist/tex/latex/base/t1enc.def
File: t1enc.def 2005/09/27 v1.99g Standard LaTeX file
LaTeX Font Info:    Redeclaring font encoding T1 on input line 43.
)))
(/usr/share/texlive/texmf-dist/tex/latex/newtx/newtxmath.sty
Package: newtxmath 2014/02/12 v1.221

`newtxmath' v1.221, 2014/02/12 Math macros based on txfonts (msharpe)
(/usr/share/texlive/texmf-dist/tex/generic/ifxetex/ifxetex.sty
Package: ifxetex 2010/09/12 v0.6 Provides ifxetex conditional
)
(/usr/share/texlive/texmf-dist/tex/generic/oberdiek/ifluatex.sty
Package: ifluatex 2010/03/01 v1.3 Provides the ifluatex switch (HO)
Package ifluatex Info: LuaTeX not detected.
)
(/usr/share/texlive/texmf-dist/tex/generic/kastrup/binhex.tex)
\tx@Isdigit=\count179
LaTeX Font Info:    Redeclaring symbol font `operators' on input line 91.
LaTeX Font Info:    Encoding `OT1' has changed to `T1' for symbol font
(Font)              `operators' in the math version `normal' on input line 91.
LaTeX Font Info:    Overwriting symbol font `operators' in version `normal'
(Font)                  OT1/cmr/m/n --> T1/ntxrx/m/n on input line 91.
LaTeX Font Info:    Encoding `OT1' has changed to `T1' for symbol font
(Font)              `operators' in the math version `bold' on input line 91.
LaTeX Font Info:    Overwriting symbol font `operators' in version `bold'
(Font)                  OT1/cmr/bx/n --> T1/ntxrx/m/n on input line 91.
LaTeX Font Info:    Overwriting symbol font `operators' in version `bold'
(Font)                  T1/ntxrx/m/n --> T1/ntxrx/b/n on input line 92.
LaTeX Font Info:    Redeclaring math alphabet \mathsf on input line 98.
LaTeX Font Info:    Overwriting math alphabet `\mathsf' in version `normal'
(Font)                  OT1/cmss/m/n --> T1/qhv/m/n on input line 98.
LaTeX Font Info:    Overwriting math alphabet `\mathsf' in version `bold'
(Font)                  OT1/cmss/bx/n --> T1/qhv/m/n on input line 98.
LaTeX Font Info:    Redeclaring math alphabet \mathit on input line 99.
LaTeX Font Info:    Overwriting math alphabet `\mathit' in version `normal'
(Font)                  OT1/cmr/m/it --> T1/ntxrx/m/it on input line 99.
LaTeX Font Info:    Overwriting math alphabet `\mathit' in version `bold'
(Font)                  OT1/cmr/bx/it --> T1/ntxrx/m/it on input line 99.
LaTeX Font Info:    Redeclaring math alphabet \mathtt on input line 100.
LaTeX Font Info:    Overwriting math alphabet `\mathtt' in version `normal'
(Font)                  OT1/cmtt/m/n --> T1/ntxtt/m/n on input line 100.
LaTeX Font Info:    Overwriting math alphabet `\mathtt' in version `bold'
(Font)                  OT1/cmtt/m/n --> T1/ntxtt/m/n on input line 100.
LaTeX Font Info:    Redeclaring math alphabet \mathbf on input line 102.
LaTeX Font Info:    Overwriting math alphabet `\mathbf' in version `normal'
(Font)                  OT1/cmr/bx/n --> T1/ntxrx/b/n on input line 102.
LaTeX Font Info:    Overwriting math alphabet `\mathbf' in version `bold'
(Font)                  OT1/cmr/bx/n --> T1/ntxrx/b/n on input line 102.
LaTeX Font Info:    Overwriting math alphabet `\mathit' in version `bold'
(Font)                  T1/ntxrx/m/it --> T1/ntxrx/b/it on input line 103.
LaTeX Font Info:    Overwriting math alphabet `\mathsf' in version `bold'
(Font)                  T1/qhv/m/n --> T1/qhv/b/n on input line 104.
LaTeX Font Info:    Overwriting math alphabet `\mathtt' in version `bold'
(Font)                  T1/ntxtt/m/n --> T1/ntxtt/b/n on input line 105.
LaTeX Font Info:    Redeclaring symbol font `letters' on input line 125.
LaTeX Font Info:    Overwriting symbol font `letters' in version `normal'
(Font)                  OML/cmm/m/it --> OML/ntxmi/m/it on input line 125.
LaTeX Font Info:    Overwriting symbol font `letters' in version `bold'
(Font)                  OML/cmm/b/it --> OML/ntxmi/m/it on input line 125.
LaTeX Font Info:    Overwriting symbol font `letters' in version `bold'
(Font)                  OML/ntxmi/m/it --> OML/ntxmi/b/it on input line 126.
\symlettersA=\mathgroup6
LaTeX Font Info:    Overwriting symbol font `lettersA' in version `bold'
(Font)                  U/ntxmia/m/it --> U/ntxmia/b/it on input line 137.
LaTeX Font Info:    Redeclaring math alphabet \mathfrak on input line 139.
LaTeX Font Info:    Redeclaring symbol font `symbols' on input line 145.
LaTeX Font Info:    Overwriting symbol font `symbols' in version `normal'
(Font)                  OMS/cmsy/m/n --> OMS/ntxsy/m/n on input line 145.
LaTeX Font Info:    Overwriting symbol font `symbols' in version `bold'
(Font)                  OMS/cmsy/b/n --> OMS/ntxsy/m/n on input line 145.
LaTeX Font Info:    Overwriting symbol font `symbols' in version `bold'
(Font)                  OMS/ntxsy/m/n --> OMS/ntxsy/b/n on input line 146.
LaTeX Font Info:    Redeclaring symbol font `AMSa' on input line 161.
LaTeX Font Info:    Overwriting symbol font `AMSa' in version `normal'
(Font)                  U/msa/m/n --> U/ntxsya/m/n on input line 161.
LaTeX Font Info:    Overwriting symbol font `AMSa' in version `bold'
(Font)                  U/msa/m/n --> U/ntxsya/m/n on input line 161.
LaTeX Font Info:    Overwriting symbol font `AMSa' in version `bold'
(Font)                  U/ntxsya/m/n --> U/ntxsya/b/n on input line 162.
LaTeX Font Info:    Redeclaring symbol font `AMSb' on input line 170.
LaTeX Font Info:    Overwriting symbol font `AMSb' in version `normal'
(Font)                  U/msb/m/n --> U/ntxsyb/m/n on input line 170.
LaTeX Font Info:    Overwriting symbol font `AMSb' in version `bold'
(Font)                  U/msb/m/n --> U/ntxsyb/m/n on input line 170.
LaTeX Font Info:    Overwriting symbol font `AMSb' in version `bold'
(Font)                  U/ntxsyb/m/n --> U/ntxsyb/b/n on input line 171.
\symsymbolsC=\mathgroup7
LaTeX Font Info:    Overwriting symbol font `symbolsC' in version `bold'
(Font)                  U/ntxsyc/m/n --> U/ntxsyc/b/n on input line 182.
LaTeX Font Info:    Redeclaring symbol font `largesymbols' on input line 195.
LaTeX Font Info:    Encoding `OMX' has changed to `LMX' for symbol font
(Font)              `largesymbols' in the math version `normal' on input line 1
95.
LaTeX Font Info:    Overwriting symbol font `largesymbols' in version `normal'
(Font)                  OMX/cmex/m/n --> LMX/ntxexx/m/n on input line 195.
LaTeX Font Info:    Encoding `OMX' has changed to `LMX' for symbol font
(Font)              `largesymbols' in the math version `bold' on input line 195
.
LaTeX Font Info:    Overwriting symbol font `largesymbols' in version `bold'
(Font)                  OMX/cmex/m/n --> LMX/ntxexx/m/n on input line 195.
LaTeX Font Info:    Overwriting symbol font `largesymbols' in version `bold'
(Font)                  LMX/ntxexx/m/n --> LMX/ntxexx/b/n on input line 196.
\symlargesymbolsTXA=\mathgroup8
LaTeX Font Info:    Overwriting symbol font `largesymbolsTXA' in version `bold'

(Font)                  U/ntxexa/m/n --> U/ntxexa/b/n on input line 210.
LaTeX Info: Redefining \not on input line 1513.
LaTeX Info: Redefining \textsquare on input line 1533.
LaTeX Info: Redefining \openbox on input line 1534.
))
(/usr/share/texlive/texmf-dist/tex/latex/fancyhdr/fancyhdr.sty
\fancy@headwidth=\skip68
\f@ncyO@elh=\skip69
\f@ncyO@erh=\skip70
\f@ncyO@olh=\skip71
\f@ncyO@orh=\skip72
\f@ncyO@elf=\skip73
\f@ncyO@erf=\skip74
\f@ncyO@olf=\skip75
\f@ncyO@orf=\skip76
)
(/usr/share/texlive/texmf-dist/tex/latex/cancel/cancel.sty
Package: cancel 2013/04/12 v2.2 Cancel math terms
)
(/usr/share/texlive/texmf-dist/tex/latex/geometry/geometry.sty
Package: geometry 2010/09/12 v5.6 Page Geometry

(/usr/share/texlive/texmf-dist/tex/generic/oberdiek/ifvtex.sty
Package: ifvtex 2010/03/01 v1.5 Detect VTeX and its facilities (HO)
Package ifvtex Info: VTeX not detected.
)
\Gm@cnth=\count180
\Gm@cntv=\count181
\c@Gm@tempcnt=\count182
\Gm@bindingoffset=\dimen290
\Gm@wd@mp=\dimen291
\Gm@odd@mp=\dimen292
\Gm@even@mp=\dimen293
\Gm@layoutwidth=\dimen294
\Gm@layoutheight=\dimen295
\Gm@layouthoffset=\dimen296
\Gm@layoutvoffset=\dimen297
\Gm@dimlist=\toks49
) (./set3.aux)
\openout1 = `set3.aux'.

LaTeX Font Info:    Checking defaults for OML/ntxmi/m/it on input line 13.
LaTeX Font Info:    Try loading font information for OML+ntxmi on input line 13
.

(/usr/share/texlive/texmf-dist/tex/latex/newtx/omlntxmi.fd
File: omlntxmi.fd 2012/03/22 Fontinst v1.933 font definitions for OML/ntxmi.
)
LaTeX Font Info:    ... okay on input line 13.
LaTeX Font Info:    Checking defaults for T1/cmr/m/n on input line 13.
LaTeX Font Info:    ... okay on input line 13.
LaTeX Font Info:    Checking defaults for OT1/cmr/m/n on input line 13.
LaTeX Font Info:    ... okay on input line 13.
LaTeX Font Info:    Checking defaults for OMS/ntxsy/m/n on input line 13.
LaTeX Font Info:    Try loading font information for OMS+ntxsy on input line 13
.

(/usr/share/texlive/texmf-dist/tex/latex/newtx/omsntxsy.fd
File: omsntxsy.fd 2012/11/14 Fontinst v1.933 font definitions for OMS/ntxsy.
)
LaTeX Font Info:    ... okay on input line 13.
LaTeX Font Info:    Checking defaults for OMX/cmex/m/n on input line 13.
LaTeX Font Info:    ... okay on input line 13.
LaTeX Font Info:    Checking defaults for U/ntxexa/m/n on input line 13.
LaTeX Font Info:    Try loading font information for U+ntxexa on input line 13.


(/usr/share/texlive/texmf-dist/tex/latex/newtx/untxexa.fd
File: untxexa.fd 2012/04/16 Fontinst v1.933 font definitions for U/ntxexa.
)
LaTeX Font Info:    ... okay on input line 13.
LaTeX Font Info:    Checking defaults for LMX/ntxexx/m/n on input line 13.
LaTeX Font Info:    ... okay on input line 13.
LaTeX Font Info:    Try loading font information for T1+ntxrx on input line 13.


(/usr/share/texlive/texmf-dist/tex/latex/newtx/t1ntxrx.fd
File: t1ntxrx.fd 2012/12/25 v1.0
)
LaTeX Font Info:    Font shape `T1/ntxrx/m/n' will be
(Font)              scaled to size 10.0pt on input line 13.

(/usr/share/texlive/texmf-dist/tex/context/base/supp-pdf.mkii
[Loading MPS to PDF converter (version 2006.09.02).]
\scratchcounter=\count183
\scratchdimen=\dimen298
\scratchbox=\box62
\nofMPsegments=\count184
\nofMParguments=\count185
\everyMPshowfont=\toks50
\MPscratchCnt=\count186
\MPscratchDim=\dimen299
\MPnumerator=\count187
\makeMPintoPDFobject=\count188
\everyMPtoPDFconversion=\toks51
) (/usr/share/texlive/texmf-dist/tex/generic/oberdiek/pdftexcmds.sty
Package: pdftexcmds 2011/11/29 v0.20 Utility functions of pdfTeX for LuaTeX (HO
)
Package pdftexcmds Info: LuaTeX not detected.
Package pdftexcmds Info: \pdf@primitive is available.
Package pdftexcmds Info: \pdf@ifprimitive is available.
Package pdftexcmds Info: \pdfdraftmode found.
)
(/usr/share/texlive/texmf-dist/tex/latex/oberdiek/epstopdf-base.sty
Package: epstopdf-base 2010/02/09 v2.5 Base part for package epstopdf

(/usr/share/texlive/texmf-dist/tex/latex/oberdiek/grfext.sty
Package: grfext 2010/08/19 v1.1 Manage graphics extensions (HO)

(/usr/share/texlive/texmf-dist/tex/generic/oberdiek/kvdefinekeys.sty
Package: kvdefinekeys 2011/04/07 v1.3 Define keys (HO)
))
(/usr/share/texlive/texmf-dist/tex/latex/oberdiek/kvoptions.sty
Package: kvoptions 2011/06/30 v3.11 Key value format for package options (HO)

(/usr/share/texlive/texmf-dist/tex/generic/oberdiek/kvsetkeys.sty
Package: kvsetkeys 2012/04/25 v1.16 Key value parser (HO)

(/usr/share/texlive/texmf-dist/tex/generic/oberdiek/etexcmds.sty
Package: etexcmds 2011/02/16 v1.5 Avoid name clashes with e-TeX commands (HO)
Package etexcmds Info: Could not find \expanded.
(etexcmds)             That can mean that you are not using pdfTeX 1.50 or
(etexcmds)             that some package has redefined \expanded.
(etexcmds)             In the latter case, load this package earlier.
)))
Package grfext Info: Graphics extension search list:
(grfext)             [.png,.pdf,.jpg,.mps,.jpeg,.jbig2,.jb2,.PNG,.PDF,.JPG,.JPE
G,.JBIG2,.JB2,.eps]
(grfext)             \AppendGraphicsExtensions on input line 452.

(/usr/share/texlive/texmf-dist/tex/latex/latexconfig/epstopdf-sys.cfg
File: epstopdf-sys.cfg 2010/07/13 v1.3 Configuration of (r)epstopdf for TeX Liv
e
))
ABD: EveryShipout initializing macros

Package pgfplots Warning: running in backwards compatibility mode (unsuitable t
ick labels; missing features). Consider writing \pgfplotsset{compat=1.9} into y
our preamble.
 on input line 13.

\c@mv@tabular=\count189
\c@mv@boldtabular=\count190
*geometry* driver: auto-detecting
*geometry* detected driver: pdftex
*geometry* verbose mode - [ preamble ] result:
* driver: pdftex
* paper: <default>
* layout: <same size as paper>
* layoutoffset:(h,v)=(0.0pt,0.0pt)
* modes: 
* h-part:(L,W,R)=(72.26999pt, 469.75502pt, 72.26999pt)
* v-part:(T,H,B)=(72.26999pt, 650.43001pt, 72.26999pt)
* \paperwidth=614.295pt
* \paperheight=794.96999pt
* \textwidth=469.75502pt
* \textheight=650.43001pt
* \oddsidemargin=0.0pt
* \evensidemargin=0.0pt
* \topmargin=-50.0pt
* \headheight=50.0pt
* \headsep=20.0pt
* \topskip=10.0pt
* \footskip=30.0pt
* \marginparwidth=65.0pt
* \marginparsep=11.0pt
* \columnsep=10.0pt
* \skip\footins=9.0pt plus 4.0pt minus 2.0pt
* \hoffset=0.0pt
* \voffset=0.0pt
* \mag=1000
* \@twocolumnfalse
* \@twosidefalse
* \@mparswitchfalse
* \@reversemarginfalse
* (1in=72.27pt=25.4mm, 1cm=28.453pt)

LaTeX Font Info:    Font shape `T1/ntxrx/m/n' will be
(Font)              scaled to size 14.4pt on input line 16.
LaTeX Font Info:    Font shape `T1/ntxrx/bx/n' will be
(Font)              scaled to size 14.4pt on input line 16.
LaTeX Font Info:    Font shape `T1/ntxrx/m/n' will be
(Font)              scaled to size 7.3pt on input line 18.
LaTeX Font Info:    Font shape `T1/ntxrx/m/n' will be
(Font)              scaled to size 5.5pt on input line 18.
LaTeX Font Info:    Try loading font information for U+ntxsya on input line 18.

(/usr/share/texlive/texmf-dist/tex/latex/newtx/untxsya.fd
File: untxsya.fd 2012/04/12 Fontinst v1.933 font definitions for U/ntxsya.
)
LaTeX Font Info:    Try loading font information for U+ntxsyb on input line 18.


(/usr/share/texlive/texmf-dist/tex/latex/newtx/untxsyb.fd
File: untxsyb.fd 2012/04/12 Fontinst v1.933 font definitions for U/ntxsyb.
)
LaTeX Font Info:    Try loading font information for U+ntxmia on input line 18.


(/usr/share/texlive/texmf-dist/tex/latex/newtx/untxmia.fd
File: untxmia.fd 2012/04/16 Fontinst v1.933 font definitions for U/ntxmia.
)
LaTeX Font Info:    Try loading font information for U+ntxsyc on input line 18.


(/usr/share/texlive/texmf-dist/tex/latex/newtx/untxsyc.fd
File: untxsyc.fd 2012/04/12 Fontinst v1.933 font definitions for U/ntxsyc.
)

Package amsmath Warning: Foreign command \over;
(amsmath)                \frac or \genfrac should be used instead
(amsmath)                 on input line 25.

LaTeX Font Info:    Font shape `T1/ntxrx/b/n' in size <10> not available
(Font)              Font shape `T1/ntxrx/bx/n' tried instead on input line 32.
LaTeX Font Info:    Font shape `T1/ntxrx/bx/n' will be
(Font)              scaled to size 10.0pt on input line 32.
LaTeX Font Info:    Font shape `T1/ntxrx/b/n' in size <7.3> not available
(Font)              Font shape `T1/ntxrx/bx/n' tried instead on input line 32.
LaTeX Font Info:    Font shape `T1/ntxrx/bx/n' will be
(Font)              scaled to size 7.3pt on input line 32.
LaTeX Font Info:    Font shape `T1/ntxrx/b/n' in size <5.5> not available
(Font)              Font shape `T1/ntxrx/bx/n' tried instead on input line 32.
LaTeX Font Info:    Font shape `T1/ntxrx/bx/n' will be
(Font)              scaled to size 5.5pt on input line 32.
LaTeX Font Info:    Font shape `T1/ntxrx/m/it' will be
(Font)              scaled to size 10.0pt on input line 43.
<da_0p01.pdf, id=4, 578.16pt x 433.62pt>
File: da_0p01.pdf Graphic file (type pdf)
 <use da_0p01.pdf>
Package pdftex.def Info: da_0p01.pdf used on input line 69.
(pdftex.def)             Requested size: 375.80544pt x 281.84966pt.

<da_0p05.pdf, id=5, 578.16pt x 433.62pt>
File: da_0p05.pdf Graphic file (type pdf)
 <use da_0p05.pdf>
Package pdftex.def Info: da_0p05.pdf used on input line 74.
(pdftex.def)             Requested size: 375.80544pt x 281.84966pt.

<da_0p5.pdf, id=6, 578.16pt x 433.62pt>
File: da_0p5.pdf Graphic file (type pdf)
 <use da_0p5.pdf>
Package pdftex.def Info: da_0p5.pdf used on input line 79.
(pdftex.def)             Requested size: 375.80544pt x 281.84966pt.

<da_1p5.pdf, id=7, 578.16pt x 433.62pt>
File: da_1p5.pdf Graphic file (type pdf)
 <use da_1p5.pdf>
Package pdftex.def Info: da_1p5.pdf used on input line 84.
(pdftex.def)             Requested size: 375.80544pt x 281.84966pt.
LaTeX Font Info:    Font shape `T1/ntxrx/m/n' will be
(Font)              scaled to size 12.0pt on input line 97.
LaTeX Font Info:    Font shape `T1/ntxrx/bx/n' will be
(Font)              scaled to size 12.0pt on input line 97.
LaTeX Font Info:    Try loading font information for T1+ntxtt on input line 125
.

(/usr/share/texlive/texmf-dist/tex/latex/newtx/t1ntxtt.fd
File: t1ntxtt.fd 2012/04/20 v3.1
)
LaTeX Font Info:    Font shape `T1/ntxtt/m/n' will be
(Font)              scaled to size 10.0pt on input line 125.
 [1{/var/lib/texmf/fonts/map/pdftex/updmap/pdftex.map}

] [2 <./da_0p01.pdf>] [3 <./da_0p05.pdf> <./da_0p5.pdf

pdfTeX warning: pdflatex (file ./da_0p5.pdf): PDF inclusion: multiple pdfs with
 page group included in a single page
>] [4 <./da_1p5.pdf>] (./set3.aux)

LaTeX Warning: Label(s) may have changed. Rerun to get cross-references right.

 ) 
Here is how much of TeX's memory you used:
 27145 strings out of 493304
 593758 string characters out of 6139872
 691369 words of memory out of 5000000
 30004 multiletter control sequences out of 15000+600000
 49767 words of font info for 95 fonts, out of 8000000 for 9000
 957 hyphenation exceptions out of 8191
 65i,11n,74p,10438b,609s stack positions out of 5000i,500n,10000p,200000b,80000s
{/usr/share/texlive/texmf-dist/fonts/enc/dvips/base/8r.enc}</usr/share/texliv
e/texmf-dist/fonts/type1/public/amsfonts/cm/cmmi10.pfb></usr/share/texlive/texm
f-dist/fonts/type1/public/amsfonts/cm/cmr10.pfb></usr/share/texlive/texmf-dist/
fonts/type1/public/amsfonts/cm/cmsy10.pfb></usr/share/texlive/texmf-dist/fonts/
type1/public/newtx/rntxmi.pfb></usr/share/texlive/texmf-dist/fonts/type1/public
/newtx/rntxmi7.pfb></usr/share/texlive/texmf-dist/fonts/type1/public/txfonts/rt
xmi.pfb></usr/share/texlive/texmf-dist/fonts/type1/public/newtx/rtxmi7.pfb></us
r/share/texlive/texmf-dist/fonts/type1/public/txfonts/rtxr.pfb></usr/share/texl
ive/texmf-dist/fonts/type1/public/txfonts/t1xtt.pfb></usr/share/texlive/texmf-d
ist/fonts/type1/public/txfonts/txex.pfb></usr/share/texlive/texmf-dist/fonts/ty
pe1/public/txfonts/txmia.pfb></usr/share/texlive/texmf-dist/fonts/type1/public/
txfonts/txsy.pfb></usr/share/texlive/texmf-dist/fonts/type1/public/txfonts/txsy
a.pfb></usr/share/texlive/texmf-dist/fonts/type1/public/txfonts/txsyc.pfb></usr
/share/texlive/texmf-dist/fonts/type1/urw/symbol/usyr.pfb></usr/share/texlive/t
exmf-dist/fonts/type1/urw/times/utmb8a.pfb></usr/share/texlive/texmf-dist/fonts
/type1/urw/times/utmr8a.pfb></usr/share/texlive/texmf-dist/fonts/type1/urw/time
s/utmri8a.pfb>
Output written on set3.pdf (4 pages, 446932 bytes).
PDF statistics:
 214 PDF objects out of 1000 (max. 8388607)
 172 compressed objects within 2 object streams
 0 named destinations out of 1000 (max. 500000)
 33 words of extra memory for PDF output out of 10000 (max. 10000000)

